# JRE version: OpenJDK Runtime Environment (11.0.12+7) (build 11.0.12+7-b1504.28-7817840)
# Java VM: OpenJDK 64-Bit Server VM (11.0.12+7-b1504.28-7817840, mixed mode, tiered, compressed oops, g1 gc, windows-amd64)
Heap:
 garbage-first heap   total 556032K, used 231584K [0x0000000080000000, 0x0000000100000000)
  region size 1024K, 53 young (54272K), 10 survivors (10240K)
 Metaspace       used 110274K, capacity 113281K, committed 113536K, reserved 1146880K
  class space    used 14106K, capacity 15220K, committed 15232K, reserved 1048576K
GC Heap History (20 events):
Event: 52.054 GC heap before
{Heap before GC invocations=60 (full 0):
 garbage-first heap   total 556032K, used 429568K [0x0000000080000000, 0x0000000100000000)
  region size 1024K, 105 young (107520K), 11 survivors (11264K)
 Metaspace       used 101450K, capacity 104269K, committed 104576K, reserved 1140736K
  class space    used 13057K, capacity 14120K, committed 14208K, reserved 1048576K
}
Event: 52.097 GC heap after
{Heap after GC invocations=61 (full 0):
 garbage-first heap   total 556032K, used 336384K [0x0000000080000000, 0x0000000100000000)
  region size 1024K, 9 young (9216K), 9 survivors (9216K)
 Metaspace       used 101450K, capacity 104269K, committed 104576K, reserved 1140736K
  class space    used 13057K, capacity 14120K, committed 14208K, reserved 1048576K
}
Event: 52.317 GC heap before
{Heap before GC invocations=61 (full 0):
 garbage-first heap   total 556032K, used 354816K [0x0000000080000000, 0x0000000100000000)
  region size 1024K, 27 young (27648K), 9 survivors (9216K)
 Metaspace       used 101450K, capacity 104269K, committed 104576K, reserved 1140736K
  class space    used 13057K, capacity 14120K, committed 14208K, reserved 1048576K
}
Event: 52.341 GC heap after
{Heap after GC invocations=62 (full 0):
 garbage-first heap   total 556032K, used 283403K [0x0000000080000000, 0x0000000100000000)
  region size 1024K, 2 young (2048K), 2 survivors (2048K)
 Metaspace       used 101450K, capacity 104269K, committed 104576K, reserved 1140736K
  class space    used 13057K, capacity 14120K, committed 14208K, reserved 1048576K
}
Event: 52.725 GC heap before
{Heap before GC invocations=62 (full 0):
 garbage-first heap   total 556032K, used 314123K [0x0000000080000000, 0x0000000100000000)
  region size 1024K, 27 young (27648K), 2 survivors (2048K)
 Metaspace       used 101452K, capacity 104271K, committed 104576K, reserved 1140736K
  class space    used 13057K, capacity 14120K, committed 14208K, reserved 1048576K
}
Event: 52.748 GC heap after
{Heap after GC invocations=63 (full 0):
 garbage-first heap   total 556032K, used 275451K [0x0000000080000000, 0x0000000100000000)
  region size 1024K, 4 young (4096K), 4 survivors (4096K)
 Metaspace       used 101452K, capacity 104271K, committed 104576K, reserved 1140736K
  class space    used 13057K, capacity 14120K, committed 14208K, reserved 1048576K
}
Event: 52.896 GC heap before
{Heap before GC invocations=63 (full 0):
 garbage-first heap   total 556032K, used 300027K [0x0000000080000000, 0x0000000100000000)
  region size 1024K, 29 young (29696K), 4 survivors (4096K)
 Metaspace       used 101452K, capacity 104271K, committed 104576K, reserved 1140736K
  class space    used 13057K, capacity 14120K, committed 14208K, reserved 1048576K
}
Event: 52.910 GC heap after
{Heap after GC invocations=64 (full 0):
 garbage-first heap   total 556032K, used 280628K [0x0000000080000000, 0x0000000100000000)
  region size 1024K, 10 young (10240K), 10 survivors (10240K)
 Metaspace       used 101452K, capacity 104271K, committed 104576K, reserved 1140736K
  class space    used 13057K, capacity 14120K, committed 14208K, reserved 1048576K
}
Event: 53.891 GC heap before
{Heap before GC invocations=65 (full 0):
 garbage-first heap   total 556032K, used 413748K [0x0000000080000000, 0x0000000100000000)
  region size 1024K, 111 young (113664K), 10 survivors (10240K)
 Metaspace       used 101548K, capacity 104413K, committed 104576K, reserved 1140736K
  class space    used 13061K, capacity 14123K, committed 14208K, reserved 1048576K
}
Event: 53.906 GC heap after
{Heap after GC invocations=66 (full 0):
 garbage-first heap   total 556032K, used 299198K [0x0000000080000000, 0x0000000100000000)
  region size 1024K, 14 young (14336K), 14 survivors (14336K)
 Metaspace       used 101548K, capacity 104413K, committed 104576K, reserved 1140736K
  class space    used 13061K, capacity 14123K, committed 14208K, reserved 1048576K
}
Event: 53.932 GC heap before
{Heap before GC invocations=66 (full 0):
 garbage-first heap   total 556032K, used 312510K [0x0000000080000000, 0x0000000100000000)
  region size 1024K, 27 young (27648K), 14 survivors (14336K)
 Metaspace       used 101548K, capacity 104413K, committed 104576K, reserved 1140736K
  class space    used 13061K, capacity 14123K, committed 14208K, reserved 1048576K
}
Event: 53.949 GC heap after
{Heap after GC invocations=67 (full 0):
 garbage-first heap   total 556032K, used 298064K [0x0000000080000000, 0x0000000100000000)
  region size 1024K, 4 young (4096K), 4 survivors (4096K)
 Metaspace       used 101548K, capacity 104413K, committed 104576K, reserved 1140736K
  class space    used 13061K, capacity 14123K, committed 14208K, reserved 1048576K
}
Event: 53.970 GC heap before
{Heap before GC invocations=67 (full 0):
 garbage-first heap   total 556032K, used 306256K [0x0000000080000000, 0x0000000100000000)
  region size 1024K, 13 young (13312K), 4 survivors (4096K)
 Metaspace       used 101548K, capacity 104413K, committed 104576K, reserved 1140736K
  class space    used 13061K, capacity 14123K, committed 14208K, reserved 1048576K
}
Event: 53.980 GC heap after
{Heap after GC invocations=68 (full 0):
 garbage-first heap   total 556032K, used 299531K [0x0000000080000000, 0x0000000100000000)
  region size 1024K, 5 young (5120K), 5 survivors (5120K)
 Metaspace       used 101548K, capacity 104413K, committed 104576K, reserved 1140736K
  class space    used 13061K, capacity 14123K, committed 14208K, reserved 1048576K
}
Event: 57.917 GC heap before
{Heap before GC invocations=69 (full 0):
 garbage-first heap   total 556032K, used 416267K [0x0000000080000000, 0x0000000100000000)
  region size 1024K, 112 young (114688K), 5 survivors (5120K)
 Metaspace       used 102392K, capacity 105230K, committed 105472K, reserved 1140736K
  class space    used 13150K, capacity 14225K, committed 14336K, reserved 1048576K
}
Event: 57.929 GC heap after
{Heap after GC invocations=70 (full 0):
 garbage-first heap   total 556032K, used 305563K [0x0000000080000000, 0x0000000100000000)
  region size 1024K, 14 young (14336K), 14 survivors (14336K)
 Metaspace       used 102392K, capacity 105230K, committed 105472K, reserved 1140736K
  class space    used 13150K, capacity 14225K, committed 14336K, reserved 1048576K
}
Event: 58.038 GC heap before
{Heap before GC invocations=70 (full 0):
 garbage-first heap   total 556032K, used 317851K [0x0000000080000000, 0x0000000100000000)
  region size 1024K, 27 young (27648K), 14 survivors (14336K)
 Metaspace       used 102471K, capacity 105294K, committed 105472K, reserved 1140736K
  class space    used 13150K, capacity 14225K, committed 14336K, reserved 1048576K
}
Event: 58.079 GC heap after
{Heap after GC invocations=71 (full 0):
 garbage-first heap   total 556032K, used 280492K [0x0000000080000000, 0x0000000100000000)
  region size 1024K, 2 young (2048K), 2 survivors (2048K)
 Metaspace       used 102471K, capacity 105294K, committed 105472K, reserved 1140736K
  class space    used 13150K, capacity 14225K, committed 14336K, reserved 1048576K
}
Event: 62.961 GC heap before
{Heap before GC invocations=71 (full 0):
 garbage-first heap   total 556032K, used 406444K [0x0000000080000000, 0x0000000100000000)
  region size 1024K, 126 young (129024K), 2 survivors (2048K)
 Metaspace       used 104062K, capacity 106873K, committed 107136K, reserved 1142784K
  class space    used 13327K, capacity 14362K, committed 14464K, reserved 1048576K
}
Event: 63.010 GC heap after
{Heap after GC invocations=72 (full 0):
 garbage-first heap   total 556032K, used 288928K [0x0000000080000000, 0x0000000100000000)
  region size 1024K, 10 young (10240K), 10 survivors (10240K)
 Metaspace       used 104062K, capacity 106873K, committed 107136K, reserved 1142784K
  class space    used 13327K, capacity 14362K, committed 14464K, reserved 1048576K
}

